{
  "stats": {
    "suites": 1,
    "tests": 2,
    "passes": 1,
    "pending": 0,
    "failures": 1,
    "start": "2022-05-14T13:30:00.515Z",
    "end": "2022-05-14T13:30:13.840Z",
    "duration": 13325,
    "testsRegistered": 2,
    "passPercent": 50,
    "pendingPercent": 0,
    "other": 0,
    "hasOther": false,
    "skipped": 0,
    "hasSkipped": false
  },
  "results": [
    {
      "uuid": "9287c395-e402-4754-9e31-4ed8d33a607a",
      "title": "",
      "fullFile": "cypress/integration/specs/MovieSectionValidation.ts",
      "file": "cypress/integration/specs/MovieSectionValidation.ts",
      "beforeHooks": [],
      "afterHooks": [],
      "tests": [],
      "suites": [
        {
          "uuid": "877029e1-417d-4ecf-8b1c-ab453d0ec959",
          "title": "TC2 - IMDB Header validation",
          "fullFile": "",
          "file": "",
          "beforeHooks": [],
          "afterHooks": [],
          "tests": [
            {
              "title": "1. Navigate to IMDB home page",
              "fullTitle": "TC2 - IMDB Header validation 1. Navigate to IMDB home page",
              "timedOut": null,
              "duration": 11743,
              "state": "passed",
              "speed": "slow",
              "pass": true,
              "fail": false,
              "pending": false,
              "context": null,
              "code": "appUrl = envUrl + testdata.url;\ncy.visit(appUrl);\nhomePage = new HomePage_1.default();\nhomePage.getPageTitle().getTitle().should('have.text', testdata.title);",
              "err": {},
              "uuid": "293d8e0f-36ff-4544-9258-1bf4c6c9c3c0",
              "parentUUID": "877029e1-417d-4ecf-8b1c-ab453d0ec959",
              "isHook": false,
              "skipped": false
            },
            {
              "title": "2. Validate if Movie table has 250 rows for each sorting dropdown values",
              "fullTitle": "TC2 - IMDB Header validation 2. Validate if Movie table has 250 rows for each sorting dropdown values",
              "timedOut": null,
              "duration": 674,
              "state": "failed",
              "speed": null,
              "pass": false,
              "fail": true,
              "pending": false,
              "context": null,
              "code": "console.log(testdata.dropdownvalues);\nvar values = testdata.dropdownvalues;\nvalues.forEach(function (element) {\n    homePage.getMovies().getMovieTableDropdown().select(element);\n    homePage.getMovies().getMovieTable().find('tr').should('have.length', 250);\n});",
              "err": {
                "message": "TypeError: Cannot read properties of undefined (reading 'forEach')",
                "estack": "TypeError: Cannot read properties of undefined (reading 'forEach')\n    at Context.eval (https://www.imdb.com/__cypress/tests?p=cypress/integration/specs/MovieSectionValidation.ts:125:16)",
                "diff": null
              },
              "uuid": "69bdb703-f338-4e48-bd8c-4454265599ae",
              "parentUUID": "877029e1-417d-4ecf-8b1c-ab453d0ec959",
              "isHook": false,
              "skipped": false
            }
          ],
          "suites": [],
          "passes": [
            "293d8e0f-36ff-4544-9258-1bf4c6c9c3c0"
          ],
          "failures": [
            "69bdb703-f338-4e48-bd8c-4454265599ae"
          ],
          "pending": [],
          "skipped": [],
          "duration": 12417,
          "root": false,
          "rootEmpty": false,
          "_timeout": 2000
        }
      ],
      "passes": [],
      "failures": [],
      "pending": [],
      "skipped": [],
      "duration": 0,
      "root": true,
      "rootEmpty": true,
      "_timeout": 2000
    }
  ],
  "meta": {
    "mocha": {
      "version": "7.0.1"
    },
    "mochawesome": {
      "options": {
        "quiet": false,
        "reportFilename": "mochawesome",
        "saveHtml": false,
        "saveJson": true,
        "consoleReporter": "spec",
        "useInlineDiffs": false,
        "code": true
      },
      "version": "7.1.3"
    },
    "marge": {
      "options": {
        "overwrite": false,
        "html": false,
        "json": true,
        "reportDir": "cypress/reports/html/.jsons"
      },
      "version": "6.2.0"
    }
  }
}