{
  "stats": {
    "suites": 1,
    "tests": 2,
    "passes": 1,
    "pending": 0,
    "failures": 1,
    "start": "2022-05-14T14:05:51.981Z",
    "end": "2022-05-14T14:06:05.380Z",
    "duration": 13399,
    "testsRegistered": 2,
    "passPercent": 50,
    "pendingPercent": 0,
    "other": 0,
    "hasOther": false,
    "skipped": 0,
    "hasSkipped": false
  },
  "results": [
    {
      "uuid": "608319ca-92dc-4a0b-93cc-63e546df4833",
      "title": "",
      "fullFile": "cypress/integration/specs/MovieSectionValidation.ts",
      "file": "cypress/integration/specs/MovieSectionValidation.ts",
      "beforeHooks": [],
      "afterHooks": [],
      "tests": [],
      "suites": [
        {
          "uuid": "9afc62a3-435a-4557-8bb8-5205d90cc4e2",
          "title": "TC5 - IMDB Movie section validation",
          "fullFile": "",
          "file": "",
          "beforeHooks": [],
          "afterHooks": [],
          "tests": [
            {
              "title": "1. Navigate to IMDB home page",
              "fullTitle": "TC5 - IMDB Movie section validation 1. Navigate to IMDB home page",
              "timedOut": null,
              "duration": 11728,
              "state": "passed",
              "speed": "slow",
              "pass": true,
              "fail": false,
              "pending": false,
              "context": null,
              "code": "appUrl = envUrl + testdata.url;\ncy.visit(appUrl);\nhomePage = new HomePage_1.default();\nhomePage.getPageTitle().getTitle().should('have.text', testdata.title);",
              "err": {},
              "uuid": "30c3c36d-7a9f-4598-aa4e-4a3817752b43",
              "parentUUID": "9afc62a3-435a-4557-8bb8-5205d90cc4e2",
              "isHook": false,
              "skipped": false
            },
            {
              "title": "2. Validate if Movie table has 250 rows for each sorting dropdown values",
              "fullTitle": "TC5 - IMDB Movie section validation 2. Validate if Movie table has 250 rows for each sorting dropdown values",
              "timedOut": null,
              "duration": 799,
              "state": "failed",
              "speed": null,
              "pass": false,
              "fail": true,
              "pending": false,
              "context": null,
              "code": "var values = testdata.dropdownvalues;\n/*\nfor (let ele in testdata.dropdownvalues) {\n    homePage.getMovies().getMovieTableDropdown().select(testdata.dropdownvalues[ele]);\n    homePage.getMovies().getMovieTable().find('tr').should('have.length', 250);\n} */\nvalues.forEach(function (element) {\n    homePage.getMovies().getMovieTableDropdown().select(testdata.dropdownvalues[element]);\n    homePage.getMovies().getMovieTable().find('tr').should('have.length', 250);\n});",
              "err": {
                "message": "TypeError: Cannot read properties of undefined (reading 'forEach')",
                "estack": "TypeError: Cannot read properties of undefined (reading 'forEach')\n    at Context.eval (https://www.imdb.com/__cypress/tests?p=cypress/integration/specs/MovieSectionValidation.ts:129:16)",
                "diff": null
              },
              "uuid": "8f143da3-e0be-4558-918f-04a0ed2e66e6",
              "parentUUID": "9afc62a3-435a-4557-8bb8-5205d90cc4e2",
              "isHook": false,
              "skipped": false
            }
          ],
          "suites": [],
          "passes": [
            "30c3c36d-7a9f-4598-aa4e-4a3817752b43"
          ],
          "failures": [
            "8f143da3-e0be-4558-918f-04a0ed2e66e6"
          ],
          "pending": [],
          "skipped": [],
          "duration": 12527,
          "root": false,
          "rootEmpty": false,
          "_timeout": 2000
        }
      ],
      "passes": [],
      "failures": [],
      "pending": [],
      "skipped": [],
      "duration": 0,
      "root": true,
      "rootEmpty": true,
      "_timeout": 2000
    }
  ],
  "meta": {
    "mocha": {
      "version": "7.0.1"
    },
    "mochawesome": {
      "options": {
        "quiet": false,
        "reportFilename": "mochawesome",
        "saveHtml": false,
        "saveJson": true,
        "consoleReporter": "spec",
        "useInlineDiffs": false,
        "code": true
      },
      "version": "7.1.3"
    },
    "marge": {
      "options": {
        "overwrite": false,
        "html": false,
        "json": true,
        "reportDir": "cypress/reports/html/.jsons"
      },
      "version": "6.2.0"
    }
  }
}