{
  "stats": {
    "suites": 1,
    "tests": 2,
    "passes": 2,
    "pending": 0,
    "failures": 0,
    "start": "2022-05-14T18:47:25.092Z",
    "end": "2022-05-14T18:47:44.824Z",
    "duration": 19732,
    "testsRegistered": 2,
    "passPercent": 100,
    "pendingPercent": 0,
    "other": 0,
    "hasOther": false,
    "skipped": 0,
    "hasSkipped": false
  },
  "results": [
    {
      "uuid": "d7a5b2d1-971b-4de1-8634-5211788c04cd",
      "title": "",
      "fullFile": "cypress/integration/specs/TC2_MovieSectionValidation.ts",
      "file": "cypress/integration/specs/TC2_MovieSectionValidation.ts",
      "beforeHooks": [],
      "afterHooks": [],
      "tests": [],
      "suites": [
        {
          "uuid": "9226dfba-4e16-463f-bb8f-6072f0a4d26d",
          "title": "TC2 - IMDB Movie section validation",
          "fullFile": "",
          "file": "",
          "beforeHooks": [],
          "afterHooks": [],
          "tests": [
            {
              "title": "1. Navigate to IMDB home page",
              "fullTitle": "TC2 - IMDB Movie section validation 1. Navigate to IMDB home page",
              "timedOut": null,
              "duration": 9713,
              "state": "passed",
              "speed": "medium",
              "pass": true,
              "fail": false,
              "pending": false,
              "context": null,
              "code": "appUrl = envUrl + testdata.url;\ncy.visit(appUrl);\nhomePage = new HomePage_1.default();\nhomePage.getPageTitle().getTitle().should('have.text', testdata.title);",
              "err": {},
              "uuid": "f1bf2132-ebf9-4a5c-97c6-6022b2906bbf",
              "parentUUID": "9226dfba-4e16-463f-bb8f-6072f0a4d26d",
              "isHook": false,
              "skipped": false
            },
            {
              "title": "2. Validate if Movie table has 250 rows for each sorting dropdown values",
              "fullTitle": "TC2 - IMDB Movie section validation 2. Validate if Movie table has 250 rows for each sorting dropdown values",
              "timedOut": null,
              "duration": 9299,
              "state": "passed",
              "speed": "medium",
              "pass": true,
              "fail": false,
              "pending": false,
              "context": null,
              "code": "var values = testdata.dropdownvalues;\n/*\nfor (let ele in testdata.dropdownvalues) {\n    homePage.getMovies().getMovieTableDropdown().select(testdata.dropdownvalues[ele]);\n    homePage.getMovies().getMovieTable().find('tr').should('have.length', 250);\n}\n*/\nvalues.forEach(function (element) {\n    homePage.getMovies().getMovieTableDropdown().select(element);\n    homePage.getMovies().getMovieTable().find('tbody tr').should('have.length', 250);\n});",
              "err": {},
              "uuid": "9e2c425e-3395-4e2e-a47e-4e5c225edbcf",
              "parentUUID": "9226dfba-4e16-463f-bb8f-6072f0a4d26d",
              "isHook": false,
              "skipped": false
            }
          ],
          "suites": [],
          "passes": [
            "f1bf2132-ebf9-4a5c-97c6-6022b2906bbf",
            "9e2c425e-3395-4e2e-a47e-4e5c225edbcf"
          ],
          "failures": [],
          "pending": [],
          "skipped": [],
          "duration": 19012,
          "root": false,
          "rootEmpty": false,
          "_timeout": 2000
        }
      ],
      "passes": [],
      "failures": [],
      "pending": [],
      "skipped": [],
      "duration": 0,
      "root": true,
      "rootEmpty": true,
      "_timeout": 2000
    }
  ],
  "meta": {
    "mocha": {
      "version": "7.0.1"
    },
    "mochawesome": {
      "options": {
        "quiet": false,
        "reportFilename": "mochawesome",
        "saveHtml": false,
        "saveJson": true,
        "consoleReporter": "spec",
        "useInlineDiffs": false,
        "code": true
      },
      "version": "7.1.3"
    },
    "marge": {
      "options": {
        "overwrite": false,
        "html": false,
        "json": true,
        "reportDir": "cypress/reports/html/.jsons"
      },
      "version": "6.2.0"
    }
  }
}