{
  "stats": {
    "suites": 1,
    "tests": 2,
    "passes": 1,
    "pending": 0,
    "failures": 1,
    "start": "2022-05-14T14:36:56.471Z",
    "end": "2022-05-14T14:37:09.086Z",
    "duration": 12615,
    "testsRegistered": 2,
    "passPercent": 50,
    "pendingPercent": 0,
    "other": 0,
    "hasOther": false,
    "skipped": 0,
    "hasSkipped": false
  },
  "results": [
    {
      "uuid": "42e3928d-9bae-4df4-b9be-cb156291bf89",
      "title": "",
      "fullFile": "cypress/integration/specs/MovieSectionValidation.ts",
      "file": "cypress/integration/specs/MovieSectionValidation.ts",
      "beforeHooks": [],
      "afterHooks": [],
      "tests": [],
      "suites": [
        {
          "uuid": "b44c2253-42dc-4b4e-9226-fa812528789a",
          "title": "TC5 - IMDB Movie section validation",
          "fullFile": "",
          "file": "",
          "beforeHooks": [],
          "afterHooks": [],
          "tests": [
            {
              "title": "1. Navigate to IMDB home page",
              "fullTitle": "TC5 - IMDB Movie section validation 1. Navigate to IMDB home page",
              "timedOut": null,
              "duration": 10942,
              "state": "passed",
              "speed": "slow",
              "pass": true,
              "fail": false,
              "pending": false,
              "context": null,
              "code": "appUrl = envUrl + testdata.url;\ncy.visit(appUrl);\nhomePage = new HomePage_1.default();\nhomePage.getPageTitle().getTitle().should('have.text', testdata.title);",
              "err": {},
              "uuid": "1872d3ee-b9d4-4f3a-87ee-97280081b8cd",
              "parentUUID": "b44c2253-42dc-4b4e-9226-fa812528789a",
              "isHook": false,
              "skipped": false
            },
            {
              "title": "2. Validate if Movie table has 250 rows for each sorting dropdown values",
              "fullTitle": "TC5 - IMDB Movie section validation 2. Validate if Movie table has 250 rows for each sorting dropdown values",
              "timedOut": null,
              "duration": 937,
              "state": "failed",
              "speed": null,
              "pass": false,
              "fail": true,
              "pending": false,
              "context": null,
              "code": "var values = testdata.dropdownvalues;\n/*\nfor (let ele in testdata.dropdownvalues) {\n    homePage.getMovies().getMovieTableDropdown().select(testdata.dropdownvalues[ele]);\n    homePage.getMovies().getMovieTable().find('tr').should('have.length', 250);\n}\n*/\nvalues.forEach(function (element) {\n    homePage.getMovies().getMovieTableDropdown().select(testdata.dropdownvalues[element]);\n    homePage.getMovies().getMovieTable().find('tbody tr').should('have.length', 250);\n});",
              "err": {
                "message": "CypressError: `cy.select()` must be passed a string, number, or array as its 1st argument. You passed: `undefined`.\n\nhttps://on.cypress.io/select",
                "estack": "CypressError: `cy.select()` must be passed a string, number, or array as its 1st argument. You passed: `undefined`.\n\nhttps://on.cypress.io/select\n    at Context.select (https://www.imdb.com/__cypress/runner/cypress_runner.js:157718:78)\n    at Context.<anonymous> (https://www.imdb.com/__cypress/runner/cypress_runner.js:178413:19)\nFrom Your Spec Code:\n    at eval (https://www.imdb.com/__cypress/tests?p=cypress/integration/specs/MovieSectionValidation.ts:131:58)\n    at Context.eval (https://www.imdb.com/__cypress/tests?p=cypress/integration/specs/MovieSectionValidation.ts:130:16)",
                "diff": null
              },
              "uuid": "e7e9d283-e48b-4991-9d2c-5c49c90b0fb3",
              "parentUUID": "b44c2253-42dc-4b4e-9226-fa812528789a",
              "isHook": false,
              "skipped": false
            }
          ],
          "suites": [],
          "passes": [
            "1872d3ee-b9d4-4f3a-87ee-97280081b8cd"
          ],
          "failures": [
            "e7e9d283-e48b-4991-9d2c-5c49c90b0fb3"
          ],
          "pending": [],
          "skipped": [],
          "duration": 11879,
          "root": false,
          "rootEmpty": false,
          "_timeout": 2000
        }
      ],
      "passes": [],
      "failures": [],
      "pending": [],
      "skipped": [],
      "duration": 0,
      "root": true,
      "rootEmpty": true,
      "_timeout": 2000
    }
  ],
  "meta": {
    "mocha": {
      "version": "7.0.1"
    },
    "mochawesome": {
      "options": {
        "quiet": false,
        "reportFilename": "mochawesome",
        "saveHtml": false,
        "saveJson": true,
        "consoleReporter": "spec",
        "useInlineDiffs": false,
        "code": true
      },
      "version": "7.1.3"
    },
    "marge": {
      "options": {
        "overwrite": false,
        "html": false,
        "json": true,
        "reportDir": "cypress/reports/html/.jsons"
      },
      "version": "6.2.0"
    }
  }
}