{
  "stats": {
    "suites": 1,
    "tests": 3,
    "passes": 3,
    "pending": 0,
    "failures": 0,
    "start": "2022-05-14T18:47:51.425Z",
    "end": "2022-05-14T18:48:13.132Z",
    "duration": 21707,
    "testsRegistered": 3,
    "passPercent": 100,
    "pendingPercent": 0,
    "other": 0,
    "hasOther": false,
    "skipped": 0,
    "hasSkipped": false
  },
  "results": [
    {
      "uuid": "fa409a06-a0ce-4c8a-9d1c-6cb73293eabf",
      "title": "",
      "fullFile": "cypress/integration/specs/TC7_SearchValidation.ts",
      "file": "cypress/integration/specs/TC7_SearchValidation.ts",
      "beforeHooks": [],
      "afterHooks": [],
      "tests": [],
      "suites": [
        {
          "uuid": "0a4c857d-2ac4-4bfb-9e47-6a7db4715dde",
          "title": "TC7 - IMDB Search validation",
          "fullFile": "",
          "file": "",
          "beforeHooks": [],
          "afterHooks": [],
          "tests": [
            {
              "title": "1. Navigate to IMDB home page",
              "fullTitle": "TC7 - IMDB Search validation 1. Navigate to IMDB home page",
              "timedOut": null,
              "duration": 10674,
              "state": "passed",
              "speed": "slow",
              "pass": true,
              "fail": false,
              "pending": false,
              "context": null,
              "code": "appUrl = envUrl + testdata.url;\ncy.visit(appUrl);\nhomePage.getPageTitle().getTitle().should('have.text', testdata.title);",
              "err": {},
              "uuid": "f78b5beb-0323-4cfe-a62c-e152c7b937f2",
              "parentUUID": "0a4c857d-2ac4-4bfb-9e47-6a7db4715dde",
              "isHook": false,
              "skipped": false
            },
            {
              "title": "2. Validate Search page title for valid search query",
              "fullTitle": "TC7 - IMDB Search validation 2. Validate Search page title for valid search query",
              "timedOut": null,
              "duration": 6957,
              "state": "passed",
              "speed": "medium",
              "pass": true,
              "fail": false,
              "pending": false,
              "context": null,
              "code": "homePage.getHeader().getSearchBox().type(testdata.validquery);\nhomePage.getHeader().getSearchButton().click();\nsearchResultPage.getTitle().should('have.text', testdata.searchvalidtitle + \"\\\"\" + testdata.validquery + \"\\\"\");",
              "err": {},
              "uuid": "fb6c7332-78e9-4fcd-8150-c6d3e207581a",
              "parentUUID": "0a4c857d-2ac4-4bfb-9e47-6a7db4715dde",
              "isHook": false,
              "skipped": false
            },
            {
              "title": "3. Validate Search page title for invalid search",
              "fullTitle": "TC7 - IMDB Search validation 3. Validate Search page title for invalid search",
              "timedOut": null,
              "duration": 3322,
              "state": "passed",
              "speed": "fast",
              "pass": true,
              "fail": false,
              "pending": false,
              "context": null,
              "code": "homePage.getHeader().getSearchBox().type(testdata.invalidquery);\nhomePage.getHeader().getSearchButton().click();\nsearchResultPage.getTitle().should('contain.text', testdata.searchinvalidtitle + \"\\\"\" + testdata.invalidquery);",
              "err": {},
              "uuid": "2e3023cc-6a29-4a2d-8ab0-ecae69fdd609",
              "parentUUID": "0a4c857d-2ac4-4bfb-9e47-6a7db4715dde",
              "isHook": false,
              "skipped": false
            }
          ],
          "suites": [],
          "passes": [
            "f78b5beb-0323-4cfe-a62c-e152c7b937f2",
            "fb6c7332-78e9-4fcd-8150-c6d3e207581a",
            "2e3023cc-6a29-4a2d-8ab0-ecae69fdd609"
          ],
          "failures": [],
          "pending": [],
          "skipped": [],
          "duration": 20953,
          "root": false,
          "rootEmpty": false,
          "_timeout": 2000
        }
      ],
      "passes": [],
      "failures": [],
      "pending": [],
      "skipped": [],
      "duration": 0,
      "root": true,
      "rootEmpty": true,
      "_timeout": 2000
    }
  ],
  "meta": {
    "mocha": {
      "version": "7.0.1"
    },
    "mochawesome": {
      "options": {
        "quiet": false,
        "reportFilename": "mochawesome",
        "saveHtml": false,
        "saveJson": true,
        "consoleReporter": "spec",
        "useInlineDiffs": false,
        "code": true
      },
      "version": "7.1.3"
    },
    "marge": {
      "options": {
        "overwrite": false,
        "html": false,
        "json": true,
        "reportDir": "cypress/reports/html/.jsons"
      },
      "version": "6.2.0"
    }
  }
}