{
  "stats": {
    "suites": 1,
    "tests": 2,
    "passes": 1,
    "pending": 0,
    "failures": 1,
    "start": "2022-05-14T13:35:03.902Z",
    "end": "2022-05-14T13:35:16.450Z",
    "duration": 12548,
    "testsRegistered": 2,
    "passPercent": 50,
    "pendingPercent": 0,
    "other": 0,
    "hasOther": false,
    "skipped": 0,
    "hasSkipped": false
  },
  "results": [
    {
      "uuid": "9b6a9847-957f-429f-9b09-69077c231fb5",
      "title": "",
      "fullFile": "cypress/integration/specs/MovieSectionValidation.ts",
      "file": "cypress/integration/specs/MovieSectionValidation.ts",
      "beforeHooks": [],
      "afterHooks": [],
      "tests": [],
      "suites": [
        {
          "uuid": "d44c27ca-2df2-4fbf-804e-ce461c285de5",
          "title": "TC5 - IMDB Movie section validation",
          "fullFile": "",
          "file": "",
          "beforeHooks": [],
          "afterHooks": [],
          "tests": [
            {
              "title": "1. Navigate to IMDB home page",
              "fullTitle": "TC5 - IMDB Movie section validation 1. Navigate to IMDB home page",
              "timedOut": null,
              "duration": 11070,
              "state": "passed",
              "speed": "slow",
              "pass": true,
              "fail": false,
              "pending": false,
              "context": null,
              "code": "appUrl = envUrl + testdata.url;\ncy.visit(appUrl);\nhomePage = new HomePage_1.default();\nhomePage.getPageTitle().getTitle().should('have.text', testdata.title);",
              "err": {},
              "uuid": "0dc25ccb-1ddf-4170-ad10-7a9c29baea83",
              "parentUUID": "d44c27ca-2df2-4fbf-804e-ce461c285de5",
              "isHook": false,
              "skipped": false
            },
            {
              "title": "2. Validate if Movie table has 250 rows for each sorting dropdown values",
              "fullTitle": "TC5 - IMDB Movie section validation 2. Validate if Movie table has 250 rows for each sorting dropdown values",
              "timedOut": null,
              "duration": 628,
              "state": "failed",
              "speed": null,
              "pass": false,
              "fail": true,
              "pending": false,
              "context": null,
              "code": "console.log(testdata.dropdownvalues);\nvar values = testdata.dropdownvalues;\nvalues.forEach(function (element) {\n    homePage.getMovies().getMovieTableDropdown().select(element);\n    homePage.getMovies().getMovieTable().find('tr').should('have.length', 250);\n});",
              "err": {
                "message": "TypeError: Cannot read properties of undefined (reading 'forEach')",
                "estack": "TypeError: Cannot read properties of undefined (reading 'forEach')\n    at Context.eval (https://www.imdb.com/__cypress/tests?p=cypress/integration/specs/MovieSectionValidation.ts:125:16)",
                "diff": null
              },
              "uuid": "47cd6cf8-6fca-4054-bdb9-9c2c50a7e644",
              "parentUUID": "d44c27ca-2df2-4fbf-804e-ce461c285de5",
              "isHook": false,
              "skipped": false
            }
          ],
          "suites": [],
          "passes": [
            "0dc25ccb-1ddf-4170-ad10-7a9c29baea83"
          ],
          "failures": [
            "47cd6cf8-6fca-4054-bdb9-9c2c50a7e644"
          ],
          "pending": [],
          "skipped": [],
          "duration": 11698,
          "root": false,
          "rootEmpty": false,
          "_timeout": 2000
        }
      ],
      "passes": [],
      "failures": [],
      "pending": [],
      "skipped": [],
      "duration": 0,
      "root": true,
      "rootEmpty": true,
      "_timeout": 2000
    }
  ],
  "meta": {
    "mocha": {
      "version": "7.0.1"
    },
    "mochawesome": {
      "options": {
        "quiet": false,
        "reportFilename": "mochawesome",
        "saveHtml": false,
        "saveJson": true,
        "consoleReporter": "spec",
        "useInlineDiffs": false,
        "code": true
      },
      "version": "7.1.3"
    },
    "marge": {
      "options": {
        "overwrite": false,
        "html": false,
        "json": true,
        "reportDir": "cypress/reports/html/.jsons"
      },
      "version": "6.2.0"
    }
  }
}