{
  "stats": {
    "suites": 1,
    "tests": 2,
    "passes": 1,
    "pending": 0,
    "failures": 1,
    "start": "2022-05-14T14:37:58.284Z",
    "end": "2022-05-14T14:38:18.597Z",
    "duration": 20313,
    "testsRegistered": 2,
    "passPercent": 50,
    "pendingPercent": 0,
    "other": 0,
    "hasOther": false,
    "skipped": 0,
    "hasSkipped": false
  },
  "results": [
    {
      "uuid": "2f7d76b1-e671-426e-b64e-871cf3908067",
      "title": "",
      "fullFile": "cypress/integration/specs/MovieSectionValidation.ts",
      "file": "cypress/integration/specs/MovieSectionValidation.ts",
      "beforeHooks": [],
      "afterHooks": [],
      "tests": [],
      "suites": [
        {
          "uuid": "987ca2b6-e2f3-40fa-8508-b18581711f00",
          "title": "TC5 - IMDB Movie section validation",
          "fullFile": "",
          "file": "",
          "beforeHooks": [],
          "afterHooks": [],
          "tests": [
            {
              "title": "1. Navigate to IMDB home page",
              "fullTitle": "TC5 - IMDB Movie section validation 1. Navigate to IMDB home page",
              "timedOut": null,
              "duration": 12528,
              "state": "passed",
              "speed": "slow",
              "pass": true,
              "fail": false,
              "pending": false,
              "context": null,
              "code": "appUrl = envUrl + testdata.url;\ncy.visit(appUrl);\nhomePage = new HomePage_1.default();\nhomePage.getPageTitle().getTitle().should('have.text', testdata.title);",
              "err": {},
              "uuid": "5516f3f7-51ce-412f-8b9e-3a45df102f7c",
              "parentUUID": "987ca2b6-e2f3-40fa-8508-b18581711f00",
              "isHook": false,
              "skipped": false
            },
            {
              "title": "2. Validate if Movie table has 250 rows for each sorting dropdown values",
              "fullTitle": "TC5 - IMDB Movie section validation 2. Validate if Movie table has 250 rows for each sorting dropdown values",
              "timedOut": null,
              "duration": 6837,
              "state": "failed",
              "speed": null,
              "pass": false,
              "fail": true,
              "pending": false,
              "context": null,
              "code": "var values = testdata.dropdownvalues;\n/*\nfor (let ele in testdata.dropdownvalues) {\n    homePage.getMovies().getMovieTableDropdown().select(testdata.dropdownvalues[ele]);\n    homePage.getMovies().getMovieTable().find('tr').should('have.length', 250);\n}\n*/\nvalues.forEach(function (element) {\n    homePage.getMovies().getMovieTableDropdown().select(element);\n    homePage.getMovies().getMovieTable().find('tbody tr').should('have.length', 250);\n});",
              "err": {
                "message": "CypressError: Timed out retrying after 4000ms: `cy.select()` failed because it could not find a single `<option>` with value, index, or text matching: `IMDb Ranking`\n\nhttps://on.cypress.io/select",
                "estack": "CypressError: Timed out retrying after 4000ms: `cy.select()` failed because it could not find a single `<option>` with value, index, or text matching: `IMDb Ranking`\n\nhttps://on.cypress.io/select\n    at getOptions (https://www.imdb.com/__cypress/runner/cypress_runner.js:157878:80)\n    at tryCatcher (https://www.imdb.com/__cypress/runner/cypress_runner.js:13022:23)\n    at Function.Promise.attempt.Promise.try (https://www.imdb.com/__cypress/runner/cypress_runner.js:10296:29)\n    at retryOptions (https://www.imdb.com/__cypress/runner/cypress_runner.js:157916:67)\n    at tryCatcher (https://www.imdb.com/__cypress/runner/cypress_runner.js:13022:23)\n    at Function.Promise.attempt.Promise.try (https://www.imdb.com/__cypress/runner/cypress_runner.js:10296:29)\n    at whenStable (https://www.imdb.com/__cypress/runner/cypress_runner.js:173817:65)\n    at https://www.imdb.com/__cypress/runner/cypress_runner.js:173272:14\n    at tryCatcher (https://www.imdb.com/__cypress/runner/cypress_runner.js:13022:23)\n    at Promise._settlePromiseFromHandler (https://www.imdb.com/__cypress/runner/cypress_runner.js:10957:31)\n    at Promise._settlePromise (https://www.imdb.com/__cypress/runner/cypress_runner.js:11014:18)\n    at Promise._settlePromise0 (https://www.imdb.com/__cypress/runner/cypress_runner.js:11059:10)\n    at Promise._settlePromises (https://www.imdb.com/__cypress/runner/cypress_runner.js:11139:18)\n    at Promise._fulfill (https://www.imdb.com/__cypress/runner/cypress_runner.js:11083:18)\n    at https://www.imdb.com/__cypress/runner/cypress_runner.js:12697:46\nFrom Your Spec Code:\n    at eval (https://www.imdb.com/__cypress/tests?p=cypress/integration/specs/MovieSectionValidation.ts:131:58)\n    at Context.eval (https://www.imdb.com/__cypress/tests?p=cypress/integration/specs/MovieSectionValidation.ts:130:16)",
                "diff": null
              },
              "uuid": "1e135daf-b60c-4696-8384-7b5aa38b14d1",
              "parentUUID": "987ca2b6-e2f3-40fa-8508-b18581711f00",
              "isHook": false,
              "skipped": false
            }
          ],
          "suites": [],
          "passes": [
            "5516f3f7-51ce-412f-8b9e-3a45df102f7c"
          ],
          "failures": [
            "1e135daf-b60c-4696-8384-7b5aa38b14d1"
          ],
          "pending": [],
          "skipped": [],
          "duration": 19365,
          "root": false,
          "rootEmpty": false,
          "_timeout": 2000
        }
      ],
      "passes": [],
      "failures": [],
      "pending": [],
      "skipped": [],
      "duration": 0,
      "root": true,
      "rootEmpty": true,
      "_timeout": 2000
    }
  ],
  "meta": {
    "mocha": {
      "version": "7.0.1"
    },
    "mochawesome": {
      "options": {
        "quiet": false,
        "reportFilename": "mochawesome",
        "saveHtml": false,
        "saveJson": true,
        "consoleReporter": "spec",
        "useInlineDiffs": false,
        "code": true
      },
      "version": "7.1.3"
    },
    "marge": {
      "options": {
        "overwrite": false,
        "html": false,
        "json": true,
        "reportDir": "cypress/reports/html/.jsons"
      },
      "version": "6.2.0"
    }
  }
}